10:53:00:390 logback [http-nio-8080-exec-10] INFO  c.szunicom.guanwei.aop.ControllerAop 调用方法：String com.szunicom.guanwei.controller.UserController.text()，请求的参数：
10:53:00:402 logback [http-nio-8080-exec-10] INFO  com.szunicom.guanwei.aop.MapperAop 执行sql方法：UserMapper.getUser(..)， 耗时：0.004s
10:53:00:402 logback [http-nio-8080-exec-10] INFO  c.szunicom.guanwei.aop.ControllerAop 调用方法：UserController.text()，返回结果："hello world{USERNAME=gf, ID=10, CTM=fd, AGE=gf}"
10:53:01:201 logback [http-nio-8080-exec-2] INFO  c.szunicom.guanwei.aop.ControllerAop 调用方法：String com.szunicom.guanwei.controller.UserController.text()，请求的参数：
10:53:01:207 logback [http-nio-8080-exec-2] INFO  com.szunicom.guanwei.aop.MapperAop 执行sql方法：UserMapper.getUser(..)， 耗时：0.004s
10:53:01:208 logback [http-nio-8080-exec-2] INFO  c.szunicom.guanwei.aop.ControllerAop 调用方法：UserController.text()，返回结果："hello world{USERNAME=gf, ID=10, CTM=fd, AGE=gf}"
10:53:01:891 logback [http-nio-8080-exec-3] INFO  c.szunicom.guanwei.aop.ControllerAop 调用方法：String com.szunicom.guanwei.controller.UserController.text()，请求的参数：
10:53:01:896 logback [http-nio-8080-exec-3] INFO  com.szunicom.guanwei.aop.MapperAop 执行sql方法：UserMapper.getUser(..)， 耗时：0.005s
10:53:01:896 logback [http-nio-8080-exec-3] INFO  c.szunicom.guanwei.aop.ControllerAop 调用方法：UserController.text()，返回结果："hello world{USERNAME=gf, ID=10, CTM=fd, AGE=gf}"
10:53:02:172 logback [http-nio-8080-exec-4] INFO  c.szunicom.guanwei.aop.ControllerAop 调用方法：String com.szunicom.guanwei.controller.UserController.text()，请求的参数：
10:53:02:179 logback [http-nio-8080-exec-4] INFO  com.szunicom.guanwei.aop.MapperAop 执行sql方法：UserMapper.getUser(..)， 耗时：0.006s
10:53:02:180 logback [http-nio-8080-exec-4] INFO  c.szunicom.guanwei.aop.ControllerAop 调用方法：UserController.text()，返回结果："hello world{USERNAME=gf, ID=10, CTM=fd, AGE=gf}"
10:53:02:445 logback [http-nio-8080-exec-5] INFO  c.szunicom.guanwei.aop.ControllerAop 调用方法：String com.szunicom.guanwei.controller.UserController.text()，请求的参数：
10:53:02:451 logback [http-nio-8080-exec-5] INFO  com.szunicom.guanwei.aop.MapperAop 执行sql方法：UserMapper.getUser(..)， 耗时：0.005s
10:53:02:455 logback [http-nio-8080-exec-5] INFO  c.szunicom.guanwei.aop.ControllerAop 调用方法：UserController.text()，返回结果："hello world{USERNAME=gf, ID=10, CTM=fd, AGE=gf}"
10:53:02:705 logback [http-nio-8080-exec-6] INFO  c.szunicom.guanwei.aop.ControllerAop 调用方法：String com.szunicom.guanwei.controller.UserController.text()，请求的参数：
10:53:02:713 logback [http-nio-8080-exec-6] INFO  com.szunicom.guanwei.aop.MapperAop 执行sql方法：UserMapper.getUser(..)， 耗时：0.007s
10:53:02:714 logback [http-nio-8080-exec-6] INFO  c.szunicom.guanwei.aop.ControllerAop 调用方法：UserController.text()，返回结果："hello world{USERNAME=gf, ID=10, CTM=fd, AGE=gf}"
10:53:02:984 logback [http-nio-8080-exec-7] INFO  c.szunicom.guanwei.aop.ControllerAop 调用方法：String com.szunicom.guanwei.controller.UserController.text()，请求的参数：
10:53:02:992 logback [http-nio-8080-exec-7] INFO  com.szunicom.guanwei.aop.MapperAop 执行sql方法：UserMapper.getUser(..)， 耗时：0.005s
10:53:02:994 logback [http-nio-8080-exec-7] INFO  c.szunicom.guanwei.aop.ControllerAop 调用方法：UserController.text()，返回结果："hello world{USERNAME=gf, ID=10, CTM=fd, AGE=gf}"
10:53:03:242 logback [http-nio-8080-exec-9] INFO  c.szunicom.guanwei.aop.ControllerAop 调用方法：String com.szunicom.guanwei.controller.UserController.text()，请求的参数：
10:53:03:247 logback [http-nio-8080-exec-9] INFO  com.szunicom.guanwei.aop.MapperAop 执行sql方法：UserMapper.getUser(..)， 耗时：0.004s
10:53:03:249 logback [http-nio-8080-exec-9] INFO  c.szunicom.guanwei.aop.ControllerAop 调用方法：UserController.text()，返回结果："hello world{USERNAME=gf, ID=10, CTM=fd, AGE=gf}"
10:53:03:489 logback [http-nio-8080-exec-8] INFO  c.szunicom.guanwei.aop.ControllerAop 调用方法：String com.szunicom.guanwei.controller.UserController.text()，请求的参数：
10:53:03:494 logback [http-nio-8080-exec-8] INFO  com.szunicom.guanwei.aop.MapperAop 执行sql方法：UserMapper.getUser(..)， 耗时：0.004s
10:53:03:495 logback [http-nio-8080-exec-8] INFO  c.szunicom.guanwei.aop.ControllerAop 调用方法：UserController.text()，返回结果："hello world{USERNAME=gf, ID=10, CTM=fd, AGE=gf}"
10:53:03:950 logback [http-nio-8080-exec-1] INFO  c.szunicom.guanwei.aop.ControllerAop 调用方法：String com.szunicom.guanwei.controller.UserController.text()，请求的参数：
10:53:03:955 logback [http-nio-8080-exec-1] INFO  com.szunicom.guanwei.aop.MapperAop 执行sql方法：UserMapper.getUser(..)， 耗时：0.004s
10:53:03:956 logback [http-nio-8080-exec-1] INFO  c.szunicom.guanwei.aop.ControllerAop 调用方法：UserController.text()，返回结果："hello world{USERNAME=gf, ID=10, CTM=fd, AGE=gf}"
10:53:04:162 logback [http-nio-8080-exec-10] INFO  c.szunicom.guanwei.aop.ControllerAop 调用方法：String com.szunicom.guanwei.controller.UserController.text()，请求的参数：
10:53:04:165 logback [http-nio-8080-exec-10] INFO  com.szunicom.guanwei.aop.MapperAop 执行sql方法：UserMapper.getUser(..)， 耗时：0.003s
10:53:04:166 logback [http-nio-8080-exec-10] INFO  c.szunicom.guanwei.aop.ControllerAop 调用方法：UserController.text()，返回结果："hello world{USERNAME=gf, ID=10, CTM=fd, AGE=gf}"
10:53:04:446 logback [http-nio-8080-exec-2] INFO  c.szunicom.guanwei.aop.ControllerAop 调用方法：String com.szunicom.guanwei.controller.UserController.text()，请求的参数：
10:53:04:451 logback [http-nio-8080-exec-2] INFO  com.szunicom.guanwei.aop.MapperAop 执行sql方法：UserMapper.getUser(..)， 耗时：0.005s
10:53:04:454 logback [http-nio-8080-exec-2] INFO  c.szunicom.guanwei.aop.ControllerAop 调用方法：UserController.text()，返回结果："hello world{USERNAME=gf, ID=10, CTM=fd, AGE=gf}"
10:53:52:919 logback [http-nio-8080-exec-4] INFO  c.szunicom.guanwei.aop.ControllerAop 调用方法：String com.szunicom.guanwei.controller.UserController.text()，请求的参数：
10:53:52:925 logback [http-nio-8080-exec-4] INFO  com.szunicom.guanwei.aop.MapperAop 执行sql方法：UserMapper.getUser(..)， 耗时：0.006s
10:53:52:926 logback [http-nio-8080-exec-4] INFO  c.szunicom.guanwei.aop.ControllerAop 调用方法：UserController.text()，返回结果："hello world{USERNAME=gf, ID=10, CTM=fd, AGE=gf}"
10:53:54:093 logback [http-nio-8080-exec-5] INFO  c.szunicom.guanwei.aop.ControllerAop 调用方法：String com.szunicom.guanwei.controller.UserController.text()，请求的参数：
10:53:54:098 logback [http-nio-8080-exec-5] INFO  com.szunicom.guanwei.aop.MapperAop 执行sql方法：UserMapper.getUser(..)， 耗时：0.005s
10:53:54:099 logback [http-nio-8080-exec-5] INFO  c.szunicom.guanwei.aop.ControllerAop 调用方法：UserController.text()，返回结果："hello world{USERNAME=gf, ID=10, CTM=fd, AGE=gf}"
10:55:38:111 logback [main] INFO  c.s.guanwei.GuanweiApplication Starting GuanweiApplication on gdc-yanxunzhi with PID 1472 (E:\guanwei\target\classes started by Administrator in E:\guanwei)
10:55:38:286 logback [main] INFO  c.s.guanwei.GuanweiApplication No active profile set, falling back to default profiles: default
10:55:38:338 logback [main] INFO  o.s.b.w.s.c.AnnotationConfigServletWebServerApplicationContext Refreshing org.springframework.boot.web.servlet.context.AnnotationConfigServletWebServerApplicationContext@62ddbd7e: startup date [Wed May 09 10:55:38 CST 2018]; root of context hierarchy
10:55:39:528 logback [main] INFO  o.s.b.w.e.tomcat.TomcatWebServer Tomcat initialized with port(s): 8080 (http)
10:55:39:537 logback [main] INFO  o.a.coyote.http11.Http11NioProtocol Initializing ProtocolHandler ["http-nio-8080"]
10:55:39:543 logback [main] INFO  o.a.catalina.core.StandardService Starting service [Tomcat]
10:55:39:544 logback [main] INFO  o.a.catalina.core.StandardEngine Starting Servlet Engine: Apache Tomcat/8.5.29
10:55:39:547 logback [localhost-startStop-1] INFO  o.a.c.core.AprLifecycleListener The APR based Apache Tomcat Native library which allows optimal performance in production environments was not found on the java.library.path: [D:\jdk1.8\bin;C:\Windows\Sun\Java\bin;C:\Windows\system32;C:\Windows;;D:\apache-maven-3.5.3\bin;D:\Git\cmd;D:\spring-2.0.0.RELEASE\bin;D:\jdk1.8\bin;C:\ProgramData\Oracle\Java\javapath;C:\Windows\system32;C:\Windows;C:\Windows\System32\Wbem;C:\Windows\System32\WindowsPowerShell\v1.0\;D:\Git\cmd;D:\TortoiseSVN\bin;C:\Users\Administrator\AppData\Local\Programs\Python\Python36-32\Scripts\;C:\Users\Administrator\AppData\Local\Programs\Python\Python36-32\;.]
10:55:39:606 logback [localhost-startStop-1] INFO  o.a.c.c.C.[Tomcat].[localhost].[/] Initializing Spring embedded WebApplicationContext
10:55:39:606 logback [localhost-startStop-1] INFO  o.s.web.context.ContextLoader Root WebApplicationContext: initialization completed in 1268 ms
10:55:39:714 logback [localhost-startStop-1] INFO  o.s.b.w.s.ServletRegistrationBean Servlet dispatcherServlet mapped to [/]
10:55:39:715 logback [localhost-startStop-1] INFO  o.s.b.w.s.ServletRegistrationBean Servlet statViewServlet mapped to [/druid/*]
10:55:39:717 logback [localhost-startStop-1] INFO  o.s.b.w.s.FilterRegistrationBean Mapping filter: 'characterEncodingFilter' to: [/*]
10:55:39:718 logback [localhost-startStop-1] INFO  o.s.b.w.s.FilterRegistrationBean Mapping filter: 'webStatFilter' to urls: [/*]
10:55:39:718 logback [localhost-startStop-1] INFO  o.s.b.w.s.FilterRegistrationBean Mapping filter: 'XSSFilter' to urls: [/*]
10:55:39:731 logback [localhost-startStop-1] INFO  c.szunicom.guanwei.filter.XSSFilter 跨站脚本攻击过滤器开启！
10:55:39:802 logback [main] INFO  c.a.d.s.b.a.DruidDataSourceAutoConfigure Init DruidDataSource
10:55:40:850 logback [main] INFO  c.alibaba.druid.pool.DruidDataSource {dataSource-1} inited
10:55:41:110 logback [main] INFO  o.s.w.s.m.m.a.RequestMappingHandlerMapping Mapped "{[/test]}" onto public java.lang.String com.szunicom.guanwei.controller.UserController.text()
10:55:41:115 logback [main] INFO  o.s.w.s.m.m.a.RequestMappingHandlerMapping Mapped "{[/error]}" onto public org.springframework.http.ResponseEntity<java.util.Map<java.lang.String, java.lang.Object>> org.springframework.boot.autoconfigure.web.servlet.error.BasicErrorController.error(javax.servlet.http.HttpServletRequest)
10:55:41:116 logback [main] INFO  o.s.w.s.m.m.a.RequestMappingHandlerMapping Mapped "{[/error],produces=[text/html]}" onto public org.springframework.web.servlet.ModelAndView org.springframework.boot.autoconfigure.web.servlet.error.BasicErrorController.errorHtml(javax.servlet.http.HttpServletRequest,javax.servlet.http.HttpServletResponse)
10:55:41:157 logback [main] INFO  o.s.w.s.h.SimpleUrlHandlerMapping Mapped URL path [/**] onto handler of type [class org.springframework.web.servlet.resource.ResourceHttpRequestHandler]
10:55:41:194 logback [main] INFO  o.s.w.s.m.m.a.RequestMappingHandlerAdapter Looking for @ControllerAdvice: org.springframework.boot.web.servlet.context.AnnotationConfigServletWebServerApplicationContext@62ddbd7e: startup date [Wed May 09 10:55:38 CST 2018]; root of context hierarchy
10:55:41:693 logback [main] INFO  o.s.j.e.a.AnnotationMBeanExporter Registering beans for JMX exposure on startup
10:55:41:694 logback [main] INFO  o.s.j.e.a.AnnotationMBeanExporter Bean with name 'statFilter' has been autodetected for JMX exposure
10:55:41:695 logback [main] INFO  o.s.j.e.a.AnnotationMBeanExporter Bean with name 'wallConfig' has been autodetected for JMX exposure
10:55:41:695 logback [main] INFO  o.s.j.e.a.AnnotationMBeanExporter Bean with name 'wallFilter' has been autodetected for JMX exposure
10:55:41:695 logback [main] INFO  o.s.j.e.a.AnnotationMBeanExporter Bean with name 'dataSource' has been autodetected for JMX exposure
10:55:41:699 logback [main] INFO  o.s.j.e.a.AnnotationMBeanExporter Located MBean 'wallConfig': registering with JMX server as MBean [com.alibaba.druid.wall:name=wallConfig,type=WallConfig]
10:55:41:700 logback [main] INFO  o.s.j.e.a.AnnotationMBeanExporter Located MBean 'wallFilter': registering with JMX server as MBean [com.alibaba.druid.wall:name=wallFilter,type=WallFilter]
10:55:41:701 logback [main] INFO  o.s.j.e.a.AnnotationMBeanExporter Located MBean 'dataSource': registering with JMX server as MBean [com.alibaba.druid.spring.boot.autoconfigure:name=dataSource,type=DruidDataSourceWrapper]
10:55:41:702 logback [main] INFO  o.s.j.e.a.AnnotationMBeanExporter Located MBean 'statFilter': registering with JMX server as MBean [com.alibaba.druid.filter.stat:name=statFilter,type=StatFilter]
10:55:41:710 logback [main] INFO  o.a.coyote.http11.Http11NioProtocol Starting ProtocolHandler ["http-nio-8080"]
10:55:41:718 logback [main] INFO  o.a.tomcat.util.net.NioSelectorPool Using a shared selector for servlet write/read
10:55:41:729 logback [main] INFO  o.s.b.w.e.tomcat.TomcatWebServer Tomcat started on port(s): 8080 (http) with context path ''
10:55:41:732 logback [main] INFO  c.s.guanwei.GuanweiApplication Started GuanweiApplication in 4.42 seconds (JVM running for 5.153)
10:56:05:800 logback [http-nio-8080-exec-1] INFO  o.a.tomcat.util.http.parser.Cookie A cookie header was received [1522377845,1522736613] that contained an invalid cookie. That cookie will be ignored.Note: further occurrences of this error will be logged at DEBUG level.
10:56:05:805 logback [http-nio-8080-exec-1] INFO  o.a.c.c.C.[Tomcat].[localhost].[/] Initializing Spring FrameworkServlet 'dispatcherServlet'
10:56:05:805 logback [http-nio-8080-exec-1] INFO  o.s.web.servlet.DispatcherServlet FrameworkServlet 'dispatcherServlet': initialization started
10:56:05:819 logback [http-nio-8080-exec-1] INFO  o.s.web.servlet.DispatcherServlet FrameworkServlet 'dispatcherServlet': initialization completed in 14 ms
10:56:05:837 logback [http-nio-8080-exec-1] INFO  c.szunicom.guanwei.aop.ControllerAop 调用方法：String com.szunicom.guanwei.controller.UserController.text()，请求的参数：
10:56:05:934 logback [http-nio-8080-exec-1] INFO  com.szunicom.guanwei.aop.MapperAop 执行sql方法：UserMapper.getUser(..)， 耗时：0.093s
10:56:05:940 logback [http-nio-8080-exec-1] INFO  c.szunicom.guanwei.aop.ControllerAop 调用方法：UserController.text()，返回结果："hello world{USERNAME=gf, ID=10, CTM=fd, AGE=gf}"
10:56:06:201 logback [http-nio-8080-exec-2] INFO  c.szunicom.guanwei.aop.ControllerAop 调用方法：String com.szunicom.guanwei.controller.UserController.text()，请求的参数：
10:56:06:208 logback [http-nio-8080-exec-2] INFO  com.szunicom.guanwei.aop.MapperAop 执行sql方法：UserMapper.getUser(..)， 耗时：0.007s
10:56:06:209 logback [http-nio-8080-exec-2] INFO  c.szunicom.guanwei.aop.ControllerAop 调用方法：UserController.text()，返回结果："hello world{USERNAME=gf, ID=10, CTM=fd, AGE=gf}"
10:56:06:395 logback [http-nio-8080-exec-3] INFO  c.szunicom.guanwei.aop.ControllerAop 调用方法：String com.szunicom.guanwei.controller.UserController.text()，请求的参数：
10:56:06:399 logback [http-nio-8080-exec-3] INFO  com.szunicom.guanwei.aop.MapperAop 执行sql方法：UserMapper.getUser(..)， 耗时：0.004s
10:56:06:399 logback [http-nio-8080-exec-3] INFO  c.szunicom.guanwei.aop.ControllerAop 调用方法：UserController.text()，返回结果："hello world{USERNAME=gf, ID=10, CTM=fd, AGE=gf}"
10:56:06:606 logback [http-nio-8080-exec-4] INFO  c.szunicom.guanwei.aop.ControllerAop 调用方法：String com.szunicom.guanwei.controller.UserController.text()，请求的参数：
10:56:06:612 logback [http-nio-8080-exec-4] INFO  com.szunicom.guanwei.aop.MapperAop 执行sql方法：UserMapper.getUser(..)， 耗时：0.005s
10:56:06:614 logback [http-nio-8080-exec-4] INFO  c.szunicom.guanwei.aop.ControllerAop 调用方法：UserController.text()，返回结果："hello world{USERNAME=gf, ID=10, CTM=fd, AGE=gf}"
10:56:06:805 logback [http-nio-8080-exec-5] INFO  c.szunicom.guanwei.aop.ControllerAop 调用方法：String com.szunicom.guanwei.controller.UserController.text()，请求的参数：
10:56:06:812 logback [http-nio-8080-exec-5] INFO  com.szunicom.guanwei.aop.MapperAop 执行sql方法：UserMapper.getUser(..)， 耗时：0.006s
10:56:06:812 logback [http-nio-8080-exec-5] INFO  c.szunicom.guanwei.aop.ControllerAop 调用方法：UserController.text()，返回结果："hello world{USERNAME=gf, ID=10, CTM=fd, AGE=gf}"
10:56:19:705 logback [http-nio-8080-exec-7] INFO  c.szunicom.guanwei.aop.ControllerAop 调用方法：String com.szunicom.guanwei.controller.UserController.text()，请求的参数：
10:56:19:714 logback [http-nio-8080-exec-7] INFO  com.szunicom.guanwei.aop.MapperAop 执行sql方法：UserMapper.getUser(..)， 耗时：0.005s
10:56:19:715 logback [http-nio-8080-exec-7] INFO  c.szunicom.guanwei.aop.ControllerAop 调用方法：UserController.text()，返回结果："hello world{USERNAME=gf, ID=10, CTM=fd, AGE=gf}"
10:56:19:889 logback [http-nio-8080-exec-8] INFO  c.szunicom.guanwei.aop.ControllerAop 调用方法：String com.szunicom.guanwei.controller.UserController.text()，请求的参数：
10:56:19:893 logback [http-nio-8080-exec-8] INFO  com.szunicom.guanwei.aop.MapperAop 执行sql方法：UserMapper.getUser(..)， 耗时：0.003s
10:56:19:893 logback [http-nio-8080-exec-8] INFO  c.szunicom.guanwei.aop.ControllerAop 调用方法：UserController.text()，返回结果："hello world{USERNAME=gf, ID=10, CTM=fd, AGE=gf}"
10:56:20:146 logback [http-nio-8080-exec-9] INFO  c.szunicom.guanwei.aop.ControllerAop 调用方法：String com.szunicom.guanwei.controller.UserController.text()，请求的参数：
10:56:20:152 logback [http-nio-8080-exec-9] INFO  com.szunicom.guanwei.aop.MapperAop 执行sql方法：UserMapper.getUser(..)， 耗时：0.004s
10:56:20:152 logback [http-nio-8080-exec-9] INFO  c.szunicom.guanwei.aop.ControllerAop 调用方法：UserController.text()，返回结果："hello world{USERNAME=gf, ID=10, CTM=fd, AGE=gf}"
10:56:20:371 logback [http-nio-8080-exec-10] INFO  c.szunicom.guanwei.aop.ControllerAop 调用方法：String com.szunicom.guanwei.controller.UserController.text()，请求的参数：
10:56:20:376 logback [http-nio-8080-exec-10] INFO  com.szunicom.guanwei.aop.MapperAop 执行sql方法：UserMapper.getUser(..)， 耗时：0.004s
10:56:20:376 logback [http-nio-8080-exec-10] INFO  c.szunicom.guanwei.aop.ControllerAop 调用方法：UserController.text()，返回结果："hello world{USERNAME=gf, ID=10, CTM=fd, AGE=gf}"
10:56:20:575 logback [http-nio-8080-exec-1] INFO  c.szunicom.guanwei.aop.ControllerAop 调用方法：String com.szunicom.guanwei.controller.UserController.text()，请求的参数：
10:56:20:581 logback [http-nio-8080-exec-1] INFO  com.szunicom.guanwei.aop.MapperAop 执行sql方法：UserMapper.getUser(..)， 耗时：0.005s
10:56:20:582 logback [http-nio-8080-exec-1] INFO  c.szunicom.guanwei.aop.ControllerAop 调用方法：UserController.text()，返回结果："hello world{USERNAME=gf, ID=10, CTM=fd, AGE=gf}"
10:56:49:220 logback [http-nio-8080-exec-3] INFO  c.szunicom.guanwei.aop.ControllerAop 调用方法：String com.szunicom.guanwei.controller.UserController.text()，请求的参数：
10:56:49:236 logback [http-nio-8080-exec-3] INFO  com.szunicom.guanwei.aop.MapperAop 执行sql方法：UserMapper.getUser(..)， 耗时：0.004s
10:56:49:236 logback [http-nio-8080-exec-3] INFO  c.szunicom.guanwei.aop.ControllerAop 调用方法：UserController.text()，返回结果："hello world{USERNAME=gf, ID=10, CTM=fd, AGE=gf}"
10:56:49:445 logback [http-nio-8080-exec-4] INFO  c.szunicom.guanwei.aop.ControllerAop 调用方法：String com.szunicom.guanwei.controller.UserController.text()，请求的参数：
10:56:49:449 logback [http-nio-8080-exec-4] INFO  com.szunicom.guanwei.aop.MapperAop 执行sql方法：UserMapper.getUser(..)， 耗时：0.003s
10:56:49:450 logback [http-nio-8080-exec-4] INFO  c.szunicom.guanwei.aop.ControllerAop 调用方法：UserController.text()，返回结果："hello world{USERNAME=gf, ID=10, CTM=fd, AGE=gf}"
10:56:49:691 logback [http-nio-8080-exec-5] INFO  c.szunicom.guanwei.aop.ControllerAop 调用方法：String com.szunicom.guanwei.controller.UserController.text()，请求的参数：
10:56:49:696 logback [http-nio-8080-exec-5] INFO  com.szunicom.guanwei.aop.MapperAop 执行sql方法：UserMapper.getUser(..)， 耗时：0.004s
10:56:49:696 logback [http-nio-8080-exec-5] INFO  c.szunicom.guanwei.aop.ControllerAop 调用方法：UserController.text()，返回结果："hello world{USERNAME=gf, ID=10, CTM=fd, AGE=gf}"
10:56:49:903 logback [http-nio-8080-exec-6] INFO  c.szunicom.guanwei.aop.ControllerAop 调用方法：String com.szunicom.guanwei.controller.UserController.text()，请求的参数：
10:56:49:907 logback [http-nio-8080-exec-6] INFO  com.szunicom.guanwei.aop.MapperAop 执行sql方法：UserMapper.getUser(..)， 耗时：0.004s
10:56:49:911 logback [http-nio-8080-exec-6] INFO  c.szunicom.guanwei.aop.ControllerAop 调用方法：UserController.text()，返回结果："hello world{USERNAME=gf, ID=10, CTM=fd, AGE=gf}"
10:56:50:156 logback [http-nio-8080-exec-7] INFO  c.szunicom.guanwei.aop.ControllerAop 调用方法：String com.szunicom.guanwei.controller.UserController.text()，请求的参数：
10:56:50:162 logback [http-nio-8080-exec-7] INFO  com.szunicom.guanwei.aop.MapperAop 执行sql方法：UserMapper.getUser(..)， 耗时：0.005s
10:56:50:163 logback [http-nio-8080-exec-7] INFO  c.szunicom.guanwei.aop.ControllerAop 调用方法：UserController.text()，返回结果："hello world{USERNAME=gf, ID=10, CTM=fd, AGE=gf}"
10:56:50:383 logback [http-nio-8080-exec-8] INFO  c.szunicom.guanwei.aop.ControllerAop 调用方法：String com.szunicom.guanwei.controller.UserController.text()，请求的参数：
10:56:50:393 logback [http-nio-8080-exec-8] INFO  com.szunicom.guanwei.aop.MapperAop 执行sql方法：UserMapper.getUser(..)， 耗时：0.008s
10:56:50:396 logback [http-nio-8080-exec-8] INFO  c.szunicom.guanwei.aop.ControllerAop 调用方法：UserController.text()，返回结果："hello world{USERNAME=gf, ID=10, CTM=fd, AGE=gf}"
10:56:50:584 logback [http-nio-8080-exec-9] INFO  c.szunicom.guanwei.aop.ControllerAop 调用方法：String com.szunicom.guanwei.controller.UserController.text()，请求的参数：
10:56:50:588 logback [http-nio-8080-exec-9] INFO  com.szunicom.guanwei.aop.MapperAop 执行sql方法：UserMapper.getUser(..)， 耗时：0.003s
10:56:50:589 logback [http-nio-8080-exec-9] INFO  c.szunicom.guanwei.aop.ControllerAop 调用方法：UserController.text()，返回结果："hello world{USERNAME=gf, ID=10, CTM=fd, AGE=gf}"
10:56:50:802 logback [http-nio-8080-exec-10] INFO  c.szunicom.guanwei.aop.ControllerAop 调用方法：String com.szunicom.guanwei.controller.UserController.text()，请求的参数：
10:56:50:808 logback [http-nio-8080-exec-10] INFO  com.szunicom.guanwei.aop.MapperAop 执行sql方法：UserMapper.getUser(..)， 耗时：0.005s
10:56:50:808 logback [http-nio-8080-exec-10] INFO  c.szunicom.guanwei.aop.ControllerAop 调用方法：UserController.text()，返回结果："hello world{USERNAME=gf, ID=10, CTM=fd, AGE=gf}"
10:56:51:022 logback [http-nio-8080-exec-1] INFO  c.szunicom.guanwei.aop.ControllerAop 调用方法：String com.szunicom.guanwei.controller.UserController.text()，请求的参数：
10:56:51:028 logback [http-nio-8080-exec-1] INFO  com.szunicom.guanwei.aop.MapperAop 执行sql方法：UserMapper.getUser(..)， 耗时：0.005s
10:56:51:029 logback [http-nio-8080-exec-1] INFO  c.szunicom.guanwei.aop.ControllerAop 调用方法：UserController.text()，返回结果："hello world{USERNAME=gf, ID=10, CTM=fd, AGE=gf}"
10:56:51:222 logback [http-nio-8080-exec-2] INFO  c.szunicom.guanwei.aop.ControllerAop 调用方法：String com.szunicom.guanwei.controller.UserController.text()，请求的参数：
10:56:51:233 logback [http-nio-8080-exec-2] INFO  com.szunicom.guanwei.aop.MapperAop 执行sql方法：UserMapper.getUser(..)， 耗时：0.01s
10:56:51:234 logback [http-nio-8080-exec-2] INFO  c.szunicom.guanwei.aop.ControllerAop 调用方法：UserController.text()，返回结果："hello world{USERNAME=gf, ID=10, CTM=fd, AGE=gf}"
10:56:51:445 logback [http-nio-8080-exec-3] INFO  c.szunicom.guanwei.aop.ControllerAop 调用方法：String com.szunicom.guanwei.controller.UserController.text()，请求的参数：
10:56:51:452 logback [http-nio-8080-exec-3] INFO  com.szunicom.guanwei.aop.MapperAop 执行sql方法：UserMapper.getUser(..)， 耗时：0.005s
10:56:51:452 logback [http-nio-8080-exec-3] INFO  c.szunicom.guanwei.aop.ControllerAop 调用方法：UserController.text()，返回结果："hello world{USERNAME=gf, ID=10, CTM=fd, AGE=gf}"
10:56:51:662 logback [http-nio-8080-exec-4] INFO  c.szunicom.guanwei.aop.ControllerAop 调用方法：String com.szunicom.guanwei.controller.UserController.text()，请求的参数：
10:56:51:668 logback [http-nio-8080-exec-4] INFO  com.szunicom.guanwei.aop.MapperAop 执行sql方法：UserMapper.getUser(..)， 耗时：0.005s
10:56:51:669 logback [http-nio-8080-exec-4] INFO  c.szunicom.guanwei.aop.ControllerAop 调用方法：UserController.text()，返回结果："hello world{USERNAME=gf, ID=10, CTM=fd, AGE=gf}"
10:56:51:878 logback [http-nio-8080-exec-5] INFO  c.szunicom.guanwei.aop.ControllerAop 调用方法：String com.szunicom.guanwei.controller.UserController.text()，请求的参数：
10:56:51:882 logback [http-nio-8080-exec-5] INFO  com.szunicom.guanwei.aop.MapperAop 执行sql方法：UserMapper.getUser(..)， 耗时：0.004s
10:56:51:882 logback [http-nio-8080-exec-5] INFO  c.szunicom.guanwei.aop.ControllerAop 调用方法：UserController.text()，返回结果："hello world{USERNAME=gf, ID=10, CTM=fd, AGE=gf}"
10:57:09:359 logback [http-nio-8080-exec-7] INFO  c.szunicom.guanwei.aop.ControllerAop 调用方法：String com.szunicom.guanwei.controller.UserController.text()，请求的参数：
10:57:09:367 logback [http-nio-8080-exec-7] INFO  com.szunicom.guanwei.aop.MapperAop 执行sql方法：UserMapper.getUser(..)， 耗时：0.007s
10:57:09:368 logback [http-nio-8080-exec-7] INFO  c.szunicom.guanwei.aop.ControllerAop 调用方法：UserController.text()，返回结果："hello world{USERNAME=gf, ID=10, CTM=fd, AGE=gf}"
10:57:09:557 logback [http-nio-8080-exec-8] INFO  c.szunicom.guanwei.aop.ControllerAop 调用方法：String com.szunicom.guanwei.controller.UserController.text()，请求的参数：
10:57:09:562 logback [http-nio-8080-exec-8] INFO  com.szunicom.guanwei.aop.MapperAop 执行sql方法：UserMapper.getUser(..)， 耗时：0.004s
10:57:09:564 logback [http-nio-8080-exec-8] INFO  c.szunicom.guanwei.aop.ControllerAop 调用方法：UserController.text()，返回结果："hello world{USERNAME=gf, ID=10, CTM=fd, AGE=gf}"
10:57:09:789 logback [http-nio-8080-exec-9] INFO  c.szunicom.guanwei.aop.ControllerAop 调用方法：String com.szunicom.guanwei.controller.UserController.text()，请求的参数：
10:57:09:795 logback [http-nio-8080-exec-9] INFO  com.szunicom.guanwei.aop.MapperAop 执行sql方法：UserMapper.getUser(..)， 耗时：0.005s
10:57:09:796 logback [http-nio-8080-exec-9] INFO  c.szunicom.guanwei.aop.ControllerAop 调用方法：UserController.text()，返回结果："hello world{USERNAME=gf, ID=10, CTM=fd, AGE=gf}"
